This is pdfTeX, Version 3.141592653-2.6-1.40.28 (MiKTeX 25.12) (preloaded format=pdflatex 2026.4.20)  21 APR 2026 05:51
entering extended mode
 restricted \write18 enabled.
 %&-line parsing enabled.
**./conference_101719.tex
(conference_101719.tex
LaTeX2e <2025-11-01>
L3 programming layer <2025-12-24>
(IEEEtran.cls
Document Class: IEEEtran 2015/08/26 V1.8b by Michael Shell
-- See the "IEEEtran_HOWTO" manual for usage information.
-- http://www.michaelshell.org/tex/ieeetran/
\@IEEEtrantmpdimenA=\dimen148
\@IEEEtrantmpdimenB=\dimen149
\@IEEEtrantmpdimenC=\dimen150
\@IEEEtrantmpcountA=\count275
\@IEEEtrantmpcountB=\count276
\@IEEEtrantmpcountC=\count277
\@IEEEtrantmptoksA=\toks17
LaTeX Font Info:    Trying to load font information for OT1+ptm on input line 5
03.
(E:\Apps\miketex\tex/latex/psnfss\ot1ptm.fd
File: ot1ptm.fd 2001/06/04 font definitions for OT1/ptm.
)
-- Using 8.5in x 11in (letter) paper.
-- Using PDF output.
\@IEEEnormalsizeunitybaselineskip=\dimen151
-- This is a 10 point document.
LaTeX Encoding Info:    Redeclaring text command \textunderscore (encoding ?) o
n input line 937.
\CLASSINFOnormalsizebaselineskip=\dimen152
\CLASSINFOnormalsizeunitybaselineskip=\dimen153
\IEEEnormaljot=\dimen154
LaTeX Font Info:    Font shape `OT1/ptm/bx/n' in size <5> not available
(Font)              Font shape `OT1/ptm/b/n' tried instead on input line 1090.
LaTeX Font Info:    Font shape `OT1/ptm/bx/it' in size <5> not available
(Font)              Font shape `OT1/ptm/b/it' tried instead on input line 1090.

LaTeX Font Info:    Font shape `OT1/ptm/bx/n' in size <7> not available
(Font)              Font shape `OT1/ptm/b/n' tried instead on input line 1090.
LaTeX Font Info:    Font shape `OT1/ptm/bx/it' in size <7> not available
(Font)              Font shape `OT1/ptm/b/it' tried instead on input line 1090.

LaTeX Font Info:    Font shape `OT1/ptm/bx/n' in size <8> not available
(Font)              Font shape `OT1/ptm/b/n' tried instead on input line 1090.
LaTeX Font Info:    Font shape `OT1/ptm/bx/it' in size <8> not available
(Font)              Font shape `OT1/ptm/b/it' tried instead on input line 1090.

LaTeX Font Info:    Font shape `OT1/ptm/bx/n' in size <9> not available
(Font)              Font shape `OT1/ptm/b/n' tried instead on input line 1090.
LaTeX Font Info:    Font shape `OT1/ptm/bx/it' in size <9> not available
(Font)              Font shape `OT1/ptm/b/it' tried instead on input line 1090.

LaTeX Font Info:    Font shape `OT1/ptm/bx/n' in size <10> not available
(Font)              Font shape `OT1/ptm/b/n' tried instead on input line 1090.
LaTeX Font Info:    Font shape `OT1/ptm/bx/it' in size <10> not available
(Font)              Font shape `OT1/ptm/b/it' tried instead on input line 1090.

LaTeX Font Info:    Font shape `OT1/ptm/bx/n' in size <11> not available
(Font)              Font shape `OT1/ptm/b/n' tried instead on input line 1090.
LaTeX Font Info:    Font shape `OT1/ptm/bx/it' in size <11> not available
(Font)              Font shape `OT1/ptm/b/it' tried instead on input line 1090.

LaTeX Font Info:    Font shape `OT1/ptm/bx/n' in size <12> not available
(Font)              Font shape `OT1/ptm/b/n' tried instead on input line 1090.
LaTeX Font Info:    Font shape `OT1/ptm/bx/it' in size <12> not available
(Font)              Font shape `OT1/ptm/b/it' tried instead on input line 1090.

LaTeX Font Info:    Font shape `OT1/ptm/bx/n' in size <17> not available
(Font)              Font shape `OT1/ptm/b/n' tried instead on input line 1090.
LaTeX Font Info:    Font shape `OT1/ptm/bx/it' in size <17> not available
(Font)              Font shape `OT1/ptm/b/it' tried instead on input line 1090.

LaTeX Font Info:    Font shape `OT1/ptm/bx/n' in size <20> not available
(Font)              Font shape `OT1/ptm/b/n' tried instead on input line 1090.
LaTeX Font Info:    Font shape `OT1/ptm/bx/it' in size <20> not available
(Font)              Font shape `OT1/ptm/b/it' tried instead on input line 1090.

LaTeX Font Info:    Font shape `OT1/ptm/bx/n' in size <24> not available
(Font)              Font shape `OT1/ptm/b/n' tried instead on input line 1090.
LaTeX Font Info:    Font shape `OT1/ptm/bx/it' in size <24> not available
(Font)              Font shape `OT1/ptm/b/it' tried instead on input line 1090.

\IEEEquantizedlength=\dimen155
\IEEEquantizedlengthdiff=\dimen156
\IEEEquantizedtextheightdiff=\dimen157
\IEEEilabelindentA=\dimen158
\IEEEilabelindentB=\dimen159
\IEEEilabelindent=\dimen160
\IEEEelabelindent=\dimen161
\IEEEdlabelindent=\dimen162
\IEEElabelindent=\dimen163
\IEEEiednormlabelsep=\dimen164
\IEEEiedmathlabelsep=\dimen165
\IEEEiedtopsep=\skip49
\c@section=\count278
\c@subsection=\count279
\c@subsubsection=\count280
\c@paragraph=\count281
\c@IEEEsubequation=\count282
\abovecaptionskip=\skip50
\belowcaptionskip=\skip51
\c@figure=\count283
\c@table=\count284
\@IEEEeqnnumcols=\count285
\@IEEEeqncolcnt=\count286
\@IEEEsubeqnnumrollback=\count287
\@IEEEquantizeheightA=\dimen166
\@IEEEquantizeheightB=\dimen167
\@IEEEquantizeheightC=\dimen168
\@IEEEquantizeprevdepth=\dimen169
\@IEEEquantizemultiple=\count288
\@IEEEquantizeboxA=\box53
\@IEEEtmpitemindent=\dimen170
\IEEEPARstartletwidth=\dimen171
\c@IEEEbiography=\count289
\@IEEEtranrubishbin=\box54
)
** ATTENTION: Overriding command lockouts (line 2).
(E:\Apps\miketex\tex/latex/cite\cite.sty
LaTeX Info: Redefining \cite on input line 302.
LaTeX Info: Redefining \nocite on input line 332.
Package: cite 2015/02/27  v 5.5
)
(E:\Apps\miketex\tex/latex/amsmath\amsmath.sty
Package: amsmath 2025/07/09 v2.17z AMS math features
\@mathmargin=\skip52

For additional information on amsmath, use the `?' option.
(E:\Apps\miketex\tex/latex/amsmath\amstext.sty
Package: amstext 2024/11/17 v2.01 AMS text

(E:\Apps\miketex\tex/latex/amsmath\amsgen.sty
File: amsgen.sty 1999/11/30 v2.0 generic functions
\@emptytoks=\toks18
\ex@=\dimen172
))
(E:\Apps\miketex\tex/latex/amsmath\amsbsy.sty
Package: amsbsy 1999/11/29 v1.2d Bold Symbols
\pmbraise@=\dimen173
)
(E:\Apps\miketex\tex/latex/amsmath\amsopn.sty
Package: amsopn 2022/04/08 v2.04 operator names
)
\inf@bad=\count290
LaTeX Info: Redefining \frac on input line 233.
\uproot@=\count291
\leftroot@=\count292
LaTeX Info: Redefining \overline on input line 398.
LaTeX Info: Redefining \colon on input line 409.
\classnum@=\count293
\DOTSCASE@=\count294
LaTeX Info: Redefining \ldots on input line 495.
LaTeX Info: Redefining \dots on input line 498.
LaTeX Info: Redefining \cdots on input line 619.
\Mathstrutbox@=\box55
\strutbox@=\box56
LaTeX Info: Redefining \big on input line 721.
LaTeX Info: Redefining \Big on input line 722.
LaTeX Info: Redefining \bigg on input line 723.
LaTeX Info: Redefining \Bigg on input line 724.
\big@size=\dimen174
LaTeX Font Info:    Redeclaring font encoding OML on input line 742.
LaTeX Font Info:    Redeclaring font encoding OMS on input line 743.
\macc@depth=\count295
LaTeX Info: Redefining \bmod on input line 904.
LaTeX Info: Redefining \pmod on input line 909.
LaTeX Info: Redefining \smash on input line 939.
LaTeX Info: Redefining \relbar on input line 969.
LaTeX Info: Redefining \Relbar on input line 970.
\c@MaxMatrixCols=\count296
\dotsspace@=\muskip17
\c@parentequation=\count297
\dspbrk@lvl=\count298
\tag@help=\toks19
\row@=\count299
\column@=\count300
\maxfields@=\count301
\andhelp@=\toks20
\eqnshift@=\dimen175
\alignsep@=\dimen176
\tagshift@=\dimen177
\tagwidth@=\dimen178
\totwidth@=\dimen179
\lineht@=\dimen180
\@envbody=\toks21
\multlinegap=\skip53
\multlinetaggap=\skip54
\mathdisplay@stack=\toks22
LaTeX Info: Redefining \[ on input line 2950.
LaTeX Info: Redefining \] on input line 2951.
)
(E:\Apps\miketex\tex/latex/amsfonts\amssymb.sty
Package: amssymb 2013/01/14 v3.01 AMS font symbols

(E:\Apps\miketex\tex/latex/amsfonts\amsfonts.sty
Package: amsfonts 2013/01/14 v3.01 Basic AMSFonts support
\symAMSa=\mathgroup4
\symAMSb=\mathgroup5
LaTeX Font Info:    Redeclaring math symbol \hbar on input line 98.
LaTeX Font Info:    Overwriting math alphabet `\mathfrak' in version `bold'
(Font)                  U/euf/m/n --> U/euf/b/n on input line 106.
))
(E:\Apps\miketex\tex/latex/algorithms\algorithmic.sty
Package: algorithmic 2009/08/24 v0.1 Document Style `algorithmic'

(E:\Apps\miketex\tex/latex/base\ifthen.sty
Package: ifthen 2024/03/16 v1.1e Standard LaTeX ifthen package (DPC)
)
(E:\Apps\miketex\tex/latex/graphics\keyval.sty
Package: keyval 2022/05/29 v1.15 key=value parser (DPC)
\KV@toks@=\toks23
)
\c@ALC@unique=\count302
\c@ALC@line=\count303
\c@ALC@rem=\count304
\c@ALC@depth=\count305
\ALC@tlm=\skip55
\algorithmicindent=\skip56
)
(E:\Apps\miketex\tex/latex/graphics\graphicx.sty
Package: graphicx 2024/12/31 v1.2e Enhanced LaTeX Graphics (DPC,SPQR)

(E:\Apps\miketex\tex/latex/graphics\graphics.sty
Package: graphics 2024/08/06 v1.4g Standard LaTeX Graphics (DPC,SPQR)

(E:\Apps\miketex\tex/latex/graphics\trig.sty
Package: trig 2023/12/02 v1.11 sin cos tan (DPC)
)
(E:\Apps\miketex\tex/latex/graphics-cfg\graphics.cfg
File: graphics.cfg 2016/06/04 v1.11 sample graphics configuration
)
Package graphics Info: Driver file: pdftex.def on input line 106.

(E:\Apps\miketex\tex/latex/graphics-def\pdftex.def
File: pdftex.def 2025/09/29 v1.2d Graphics/color driver for pdftex
))
\Gin@req@height=\dimen181
\Gin@req@width=\dimen182
)
(E:\Apps\miketex\tex/latex/base\textcomp.sty
Package: textcomp 2024/04/24 v2.1b Standard LaTeX package
)
(E:\Apps\miketex\tex/latex/xcolor\xcolor.sty
Package: xcolor 2024/09/29 v3.02 LaTeX color extensions (UK)

(E:\Apps\miketex\tex/latex/graphics-cfg\color.cfg
File: color.cfg 2016/01/02 v1.6 sample color configuration
)
Package xcolor Info: Driver file: pdftex.def on input line 274.

(E:\Apps\miketex\tex/latex/graphics\mathcolor.ltx)
Package xcolor Info: Model `cmy' substituted by `cmy0' on input line 1349.
Package xcolor Info: Model `hsb' substituted by `rgb' on input line 1353.
Package xcolor Info: Model `RGB' extended on input line 1365.
Package xcolor Info: Model `HTML' substituted by `rgb' on input line 1367.
Package xcolor Info: Model `Hsb' substituted by `hsb' on input line 1368.
Package xcolor Info: Model `tHsb' substituted by `hsb' on input line 1369.
Package xcolor Info: Model `HSB' substituted by `hsb' on input line 1370.
Package xcolor Info: Model `Gray' substituted by `gray' on input line 1371.
Package xcolor Info: Model `wave' substituted by `hsb' on input line 1372.
)
(E:\Apps\miketex\tex/latex/psnfss\pifont.sty
Package: pifont 2020/03/25 PSNFSS-v9.3 Pi font support (SPQR) 
LaTeX Font Info:    Trying to load font information for U+pzd on input line 63.


(E:\Apps\miketex\tex/latex/psnfss\upzd.fd
File: upzd.fd 2001/06/04 font definitions for U/pzd.
)
LaTeX Font Info:    Trying to load font information for U+psy on input line 64.


(E:\Apps\miketex\tex/latex/psnfss\upsy.fd
File: upsy.fd 2001/06/04 font definitions for U/psy.
))
(E:\Apps\miketex\tex/latex/booktabs\booktabs.sty
Package: booktabs 2020/01/12 v1.61803398 Publication quality tables
\heavyrulewidth=\dimen183
\lightrulewidth=\dimen184
\cmidrulewidth=\dimen185
\belowrulesep=\dimen186
\belowbottomsep=\dimen187
\aboverulesep=\dimen188
\abovetopsep=\dimen189
\cmidrulesep=\dimen190
\cmidrulekern=\dimen191
\defaultaddspace=\dimen192
\@cmidla=\count306
\@cmidlb=\count307
\@aboverulesep=\dimen193
\@belowrulesep=\dimen194
\@thisruleclass=\count308
\@lastruleclass=\count309
\@thisrulewidth=\dimen195
)
(E:\Apps\miketex\tex/latex/tools\array.sty
Package: array 2025/09/25 v2.6n Tabular extension package (FMi)
\col@sep=\dimen196
\ar@mcellbox=\box57
\extrarowheight=\dimen197
\NC@list=\toks24
\extratabsurround=\skip57
\backup@length=\skip58
\ar@cellbox=\box58
)
(E:\Apps\miketex\tex/latex/multirow\multirow.sty
Package: multirow 2024/11/12 v2.9 Span multiple rows of a table
\multirow@colwidth=\skip59
\multirow@cntb=\count310
\multirow@dima=\skip60
\bigstrutjot=\dimen198
)
(E:\Apps\miketex\tex/latex/sttools\stfloats.sty
Package: stfloats 2025/06/18 v3.4 Improve float mechanism and baselineskip sett
ings
\@dblbotnum=\count311
\c@dblbotnumber=\count312
)
(E:\Apps\miketex\tex/latex/float\float.sty
Package: float 2001/11/08 v1.3d Float enhancements (AL)
\c@float@type=\count313
\float@exts=\toks25
\float@box=\box59
\@float@everytoks=\toks26
\@floatcapt=\box60
)
(E:\Apps\miketex\tex/latex/placeins\placeins.sty
Package: placeins 2005/04/18  v 2.2
)
(E:\Apps\miketex\tex/latex/l3backend\l3backend-pdftex.def
File: l3backend-pdftex.def 2025-10-09 L3 backend support: PDF output (pdfTeX)
\l__color_backend_stack_int=\count314
)
(conference_101719.aux)
\openout1 = `conference_101719.aux'.

LaTeX Font Info:    Checking defaults for OML/cmm/m/it on input line 26.
LaTeX Font Info:    ... okay on input line 26.
LaTeX Font Info:    Checking defaults for OMS/cmsy/m/n on input line 26.
LaTeX Font Info:    ... okay on input line 26.
LaTeX Font Info:    Checking defaults for OT1/cmr/m/n on input line 26.
LaTeX Font Info:    ... okay on input line 26.
LaTeX Font Info:    Checking defaults for T1/cmr/m/n on input line 26.
LaTeX Font Info:    ... okay on input line 26.
LaTeX Font Info:    Checking defaults for TS1/cmr/m/n on input line 26.
LaTeX Font Info:    ... okay on input line 26.
LaTeX Font Info:    Checking defaults for OMX/cmex/m/n on input line 26.
LaTeX Font Info:    ... okay on input line 26.
LaTeX Font Info:    Checking defaults for U/cmr/m/n on input line 26.
LaTeX Font Info:    ... okay on input line 26.

-- Lines per column: 56 (exact).
(E:\Apps\miketex\tex/context/base/mkii\supp-pdf.mkii
[Loading MPS to PDF converter (version 2006.09.02).]
\scratchcounter=\count315
\scratchdimen=\dimen199
\scratchbox=\box61
\nofMPsegments=\count316
\nofMParguments=\count317
\everyMPshowfont=\toks27
\MPscratchCnt=\count318
\MPscratchDim=\dimen256
\MPnumerator=\count319
\makeMPintoPDFobject=\count320
\everyMPtoPDFconversion=\toks28
) (E:\Apps\miketex\tex/latex/epstopdf-pkg\epstopdf-base.sty
Package: epstopdf-base 2020-01-24 v2.11 Base part for package epstopdf
Package epstopdf-base Info: Redefining graphics rule for `.eps' on input line 4
85.

(E:\Apps\miketex\tex/latex/00miktex\epstopdf-sys.cfg
File: epstopdf-sys.cfg 2021/03/18 v2.0 Configuration of epstopdf for MiKTeX
))
Underfull \hbox (badness 5985) in paragraph at lines 61--63
[]\OT1/ptm/b/it/9 Abstract\OT1/ptm/b/n/9 ---Reliable cross-session Mo-tor Im-ag
ery Brain--
 []


Underfull \hbox (badness 2401) in paragraph at lines 68--69
\OT1/ptm/b/n/9 stronger class sep-a-ra-bil-ity than broad-band sig-nals, while
 []

[1{C:/Users/Satyam Deo/AppData/Local/MiKTeX/fonts/map/pdftex/pdftex.map}{E:/App
s/miketex/fonts/enc/dvips/base/8r.enc}


]
LaTeX Font Info:    Trying to load font information for U+msa on input line 94.


(E:\Apps\miketex\tex/latex/amsfonts\umsa.fd
File: umsa.fd 2013/01/14 v3.01 AMS symbols A
)
LaTeX Font Info:    Trying to load font information for U+msb on input line 94.


(E:\Apps\miketex\tex/latex/amsfonts\umsb.fd
File: umsb.fd 2013/01/14 v3.01 AMS symbols B
)
Underfull \hbox (badness 10000) in paragraph at lines 112--113
[]\OT1/ptm/m/n/10 To model tem-po-ral de-pen-den-cies more ef-fec-tively,
 []


Underfull \hbox (badness 4621) in paragraph at lines 112--113
\OT1/ptm/m/n/10 sequence-based ar-chi-tec-tures such as Long Short-Term
 []


Underfull \hbox (badness 5403) in paragraph at lines 112--113
\OT1/ptm/m/n/10 re-sults in subject-independent set-tings. How-ever, these
 []

[2] [3]
<fig1.png, id=25, 2762.32pt x 1541.76pt>
File: fig1.png Graphic file (type png)
<use fig1.png>
Package pdftex.def Info: fig1.png  used on input line 247.
(pdftex.def)             Requested size: 516.0pt x 287.99712pt.
 [4 <./fig1.png>]
Overfull \hbox (10.63055pt too wide) in paragraph at lines 488--504
 [] 
 []


LaTeX Warning: `h' float specifier changed to `ht'.

<fig2.png, id=34, 1137.41861pt x 886.69731pt>
File: fig2.png Graphic file (type png)
<use fig2.png>
Package pdftex.def Info: fig2.png  used on input line 521.
(pdftex.def)             Requested size: 464.39685pt x 362.01938pt.
[5]
<fig3.png, id=38, 927.2797pt x 356.3467pt>
File: fig3.png Graphic file (type png)
<use fig3.png>
Package pdftex.def Info: fig3.png  used on input line 551.
(pdftex.def)             Requested size: 387.0pt x 148.72392pt.
<fig4.png, id=39, 1153.54039pt x 356.3467pt>
File: fig4.png Graphic file (type png)
<use fig4.png>
Package pdftex.def Info: fig4.png  used on input line 561.
(pdftex.def)             Requested size: 438.60315pt x 135.48927pt.

Underfull \vbox (badness 10000) has occurred while \output is active []



LaTeX Warning: `h' float specifier changed to `ht'.

<exp1_tsne_session_drift_s2.png, id=40, 1004.0712pt x 444.7014pt>
File: exp1_tsne_session_drift_s2.png Graphic file (type png)
<use exp1_tsne_session_drift_s2.png>
Package pdftex.def Info: exp1_tsne_session_drift_s2.png  used on input line 595
.
(pdftex.def)             Requested size: 412.80157pt x 182.8241pt.
<exp1_tsne_session_drift_s7.png, id=41, 1004.0712pt x 444.7014pt>
File: exp1_tsne_session_drift_s7.png Graphic file (type png)
<use exp1_tsne_session_drift_s7.png>
Package pdftex.def Info: exp1_tsne_session_drift_s7.png  used on input line 597
.
(pdftex.def)             Requested size: 412.80157pt x 182.8241pt.
<exp1_tsne_session_drift_s8.png, id=42, 1004.0712pt x 444.7014pt>
File: exp1_tsne_session_drift_s8.png Graphic file (type png)
<use exp1_tsne_session_drift_s8.png>
Package pdftex.def Info: exp1_tsne_session_drift_s8.png  used on input line 605
.
(pdftex.def)             Requested size: 412.80157pt x 182.8241pt.
<exp1_tsne_session_drift_s14.png, id=43, 1004.0712pt x 444.7014pt>
File: exp1_tsne_session_drift_s14.png Graphic file (type png)
<use exp1_tsne_session_drift_s14.png>
Package pdftex.def Info: exp1_tsne_session_drift_s14.png  used on input line 60
7.
(pdftex.def)             Requested size: 412.80157pt x 182.8241pt.
[6]
<exp2_psd_s3_s5_s9.png, id=47, 1293.633pt x 375.3222pt>
File: exp2_psd_s3_s5_s9.png Graphic file (type png)
<use exp2_psd_s3_s5_s9.png>
Package pdftex.def Info: exp2_psd_s3_s5_s9.png  used on input line 624.
(pdftex.def)             Requested size: 474.71906pt x 137.72737pt.
<exp3_ablation_s5_s14.png, id=48, 931.8012pt x 497.2176pt>
File: exp3_ablation_s5_s14.png Graphic file (type png)
<use exp3_ablation_s5_s14.png>
Package pdftex.def Info: exp3_ablation_s5_s14.png  used on input line 657.
(pdftex.def)             Requested size: 423.12378pt x 225.78673pt.
 [7]

LaTeX Warning: Text page 8 contains only floats.


Overfull \vbox (0.61539pt too high) has occurred while \output is active []

<exp3_ablation.png, id=53, 1463.4675pt x 2922.92pt>
File: exp3_ablation.png Graphic file (type png)
<use exp3_ablation.png>
Package pdftex.def Info: exp3_ablation.png  used on input line 675.
(pdftex.def)             Requested size: 252.0pt x 503.31226pt.

Underfull \vbox (badness 4518) has occurred while \output is active []

 [8 <./fig2.png>]
<exp2_psd_multiband.png, id=58, 1413.28pt x 3059.43pt>
File: exp2_psd_multiband.png Graphic file (type png)
<use exp2_psd_multiband.png>
Package pdftex.def Info: exp2_psd_multiband.png  used on input line 689.
(pdftex.def)             Requested size: 252.0pt x 545.49182pt.
 [9 <./fig3.png> <./fig4.png>] [10 <./exp1_tsne_session_drift_s2.png> <./exp1_t
sne_session_drift_s7.png>]
Underfull \vbox (badness 10000) has occurred while \output is active []

 [11 <./exp1_tsne_session_drift_s8.png> <./exp1_tsne_session_drift_s14.png> <./
exp2_psd_s3_s5_s9.png>]
Underfull \hbox (badness 1496) in paragraph at lines 728--729
\OT1/ptm/m/n/10 35--40% of HGD sub-jects and a sim-i-lar pro-por-tion on
 []

[12 <./exp3_ablation_s5_s14.png>]
Underfull \vbox (badness 3019) has occurred while \output is active []

 [13 <./exp3_ablation.png> <./exp2_psd_multiband.png>] [14]

** Conference Paper **
Before submitting the final camera ready copy, remember to:

 1. Manually equalize the lengths of two columns on the last page
 of your paper;

 2. Ensure that any PostScript and/or PDF output post-processing
 uses only Type 1 fonts and that every step in the generation
 process uses the appropriate paper size.

[15

] (conference_101719.aux)
 ***********
LaTeX2e <2025-11-01>
L3 programming layer <2025-12-24>
 ***********
 ) 
Here is how much of TeX's memory you used:
 4738 strings out of 467871
 73829 string characters out of 5432308
 584945 words of memory out of 5000000
 33541 multiletter control sequences out of 15000+600000
 673297 words of font info for 126 fonts, out of 8000000 for 9000
 1141 hyphenation exceptions out of 8191
 57i,11n,65p,1491b,329s stack positions out of 10000i,1000n,20000p,200000b,200000s
<E:/Apps/miketex/fonts/type1/public/amsfonts/cm/cmex10.pfb><E:/Apps/miketex/f
onts/type1/public/amsfonts/cm/cmmi10.pfb><E:/Apps/miketex/fonts/type1/public/am
sfonts/cm/cmmi5.pfb><E:/Apps/miketex/fonts/type1/public/amsfonts/cm/cmmi6.pfb><
E:/Apps/miketex/fonts/type1/public/amsfonts/cm/cmmi7.pfb><E:/Apps/miketex/fonts
/type1/public/amsfonts/cm/cmmi9.pfb><E:/Apps/miketex/fonts/type1/public/amsfont
s/cm/cmr10.pfb><E:/Apps/miketex/fonts/type1/public/amsfonts/cm/cmr7.pfb><E:/App
s/miketex/fonts/type1/public/amsfonts/cm/cmr8.pfb><E:/Apps/miketex/fonts/type1/
public/amsfonts/cm/cmr9.pfb><E:/Apps/miketex/fonts/type1/public/amsfonts/cm/cms
y10.pfb><E:/Apps/miketex/fonts/type1/public/amsfonts/cm/cmsy7.pfb><E:/Apps/mike
tex/fonts/type1/public/amsfonts/cm/cmsy8.pfb><E:/Apps/miketex/fonts/type1/publi
c/amsfonts/symbols/msbm10.pfb><E:/Apps/miketex/fonts/type1/urw/times/utmb8a.pfb
><E:/Apps/miketex/fonts/type1/urw/times/utmbi8a.pfb><E:/Apps/miketex/fonts/type
1/urw/times/utmr8a.pfb><E:/Apps/miketex/fonts/type1/urw/times/utmri8a.pfb><E:/A
pps/miketex/fonts/type1/urw/zapfding/uzdr.pfb>
Output written on conference_101719.pdf (15 pages, 9919427 bytes).
PDF statistics:
 172 PDF objects out of 1000 (max. 8388607)
 0 named destinations out of 1000 (max. 500000)
 61 words of extra memory for PDF output out of 10000 (max. 10000000)

